<html>
<body>
<pre>
<h1>Vision2 Build Log</h1>
<h2>Project:</h2>
D:\单片机调试\完整\can模块.uv2
Project File Date:  06/30/2005

<h2>Output:</h2>
Build target 'Target 1'
compiling MCP2510.c...
compiling Main.c...
compiling Targetinit.c...
linking...
Program Size: data=63.0 xdata=0 code=1659
creating hex file from "can模块"...
"can模块" - 0 Error(s), 0 Warning(s).
Build target 'Target 1'
compiling MCP2510.c...
compiling Main.c...
compiling Targetinit.c...
linking...
Program Size: data=63.0 xdata=0 code=1687
creating hex file from "can模块"...
"can模块" - 0 Error(s), 0 Warning(s).
Build target 'Target 1'
compiling MCP2510.c...
compiling Main.c...
compiling Targetinit.c...
linking...
Program Size: data=63.0 xdata=0 code=1687
creating hex file from "can模块"...
"can模块" - 0 Error(s), 0 Warning(s).
Build target 'Target 1'
compiling MCP2510.c...
compiling Main.c...
compiling Targetinit.c...
linking...
Program Size: data=63.0 xdata=0 code=1687
creating hex file from "can模块"...
"can模块" - 0 Error(s), 0 Warning(s).
Build target 'Target 1'
compiling MCP2510.c...
compiling Main.c...
MAIN.C(112): error C141: syntax error near '}'
compiling Targetinit.c...
Target not created
Build target 'Target 1'
compiling MCP2510.c...
compiling Main.c...
compiling Targetinit.c...
linking...
Program Size: data=63.0 xdata=0 code=1717
creating hex file from "can模块"...
"can模块" - 0 Error(s), 0 Warning(s).
Build target 'Target 1'
compiling MCP2510.c...
compiling Main.c...
compiling Targetinit.c...
linking...
Program Size: data=63.0 xdata=0 code=1718
creating hex file from "can模块"...
"can模块" - 0 Error(s), 0 Warning(s).
Build target 'Target 1'
compiling MCP2510.c...
compiling Main.c...
compiling Targetinit.c...
linking...
Program Size: data=63.0 xdata=0 code=1718
creating hex file from "can模块"...
"can模块" - 0 Error(s), 0 Warning(s).
Build target 'Target 1'
compiling MCP2510.c...
compiling Main.c...
compiling Targetinit.c...
linking...
Program Size: data=63.0 xdata=0 code=1699
creating hex file from "can模块"...
"can模块" - 0 Error(s), 0 Warning(s).
Build target 'Target 1'
compiling MCP2510.c...
compiling Main.c...
MAIN.C(139): error C202: 'l': undefined identifier
compiling Targetinit.c...
Target not created
Build target 'Target 1'
compiling MCP2510.c...
compiling Main.c...
compiling Targetinit.c...
linking...
Program Size: data=63.0 xdata=0 code=1696
creating hex file from "can模块"...
"can模块" - 0 Error(s), 0 Warning(s).
Build target 'Target 1'
compiling MCP2510.c...
compiling Main.c...
compiling Targetinit.c...
linking...
Program Size: data=63.0 xdata=0 code=1678
creating hex file from "can模块"...
"can模块" - 0 Error(s), 0 Warning(s).
Build target 'Target 1'
compiling MCP2510.c...
compiling Main.c...
compiling Targetinit.c...
linking...
Program Size: data=63.0 xdata=0 code=1686
creating hex file from "can模块"...
"can模块" - 0 Error(s), 0 Warning(s).
Build target 'Target 1'
compiling MCP2510.c...
compiling Main.c...
MAIN.C(187): error C141: syntax error near ''
compiling Targetinit.c...
Target not created
Build target 'Target 1'
compiling MCP2510.c...
compiling Main.c...
MAIN.C(187): error C141: syntax error near ''
compiling Targetinit.c...
Target not created
Build target 'Target 1'
compiling MCP2510.c...
compiling Main.c...
MAIN.C(187): error C141: syntax error near ''
compiling Targetinit.c...
Target not created
Build target 'Target 1'
compiling MCP2510.c...
compiling Main.c...
MAIN.C(187): error C141: syntax error near ''
compiling Targetinit.c...
Target not created
Build target 'Target 1'
compiling MCP2510.c...
compiling Main.c...
compiling Targetinit.c...
linking...
Program Size: data=63.0 xdata=0 code=1695
creating hex file from "can模块"...
"can模块" - 0 Error(s), 0 Warning(s).
Build target 'Target 1'
compiling MCP2510.c...
compiling Main.c...
compiling Targetinit.c...
linking...
Program Size: data=63.0 xdata=0 code=1679
creating hex file from "can模块"...
"can模块" - 0 Error(s), 0 Warning(s).
Build target 'Target 1'
compiling MCP2510.c...
compiling Main.c...
compiling Targetinit.c...
linking...
Program Size: data=63.0 xdata=0 code=1679
creating hex file from "can模块"...
"can模块" - 0 Error(s), 0 Warning(s).
Build target 'Target 1'
compiling MCP2510.c...
compiling Main.c...
compiling Targetinit.c...
linking...
Program Size: data=63.0 xdata=0 code=1679
creating hex file from "can模块"...
"can模块" - 0 Error(s), 0 Warning(s).
Build target 'Target 1'
compiling MCP2510.c...
compiling Main.c...
compiling Targetinit.c...
linking...
Program Size: data=63.0 xdata=0 code=1679
creating hex file from "can模块"...
"can模块" - 0 Error(s), 0 Warning(s).
Build target 'Target 1'
compiling MCP2510.c...
compiling Main.c...
compiling Targetinit.c...
linking...
Program Size: data=63.0 xdata=0 code=1815
creating hex file from "can模块"...
"can模块" - 0 Error(s), 0 Warning(s).
Build target 'Target 1'
compiling MCP2510.c...
compiling Main.c...
compiling Targetinit.c...
linking...
Program Size: data=63.0 xdata=0 code=1815
creating hex file from "can模块"...
"can模块" - 0 Error(s), 0 Warning(s).
Build target 'Target 1'
compiling MCP2510.c...
compiling Main.c...
MAIN.C(161): error C202: 'oxaa': undefined identifier
compiling Targetinit.c...
Target not created
Build target 'Target 1'
compiling MCP2510.c...
compiling Main.c...
compiling Targetinit.c...
linking...
Program Size: data=63.0 xdata=0 code=1826
creating hex file from "can模块"...
"can模块" - 0 Error(s), 0 Warning(s).
Build target 'Target 1'
compiling MCP2510.c...
compiling Main.c...
MAIN.C(115): error C141: syntax error near 'else'
compiling Targetinit.c...
Target not created
Build target 'Target 1'
compiling MCP2510.c...
compiling Main.c...
compiling Targetinit.c...
linking...
Program Size: data=63.0 xdata=0 code=1854
creating hex file from "can模块"...
"can模块" - 0 Error(s), 0 Warning(s).
Build target 'Target 1'
compiling MCP2510.c...
compiling Main.c...
compiling Targetinit.c...
linking...
Program Size: data=63.0 xdata=0 code=1878
creating hex file from "can模块"...
"can模块" - 0 Error(s), 0 Warning(s).
Build target 'Target 1'
compiling MCP2510.c...
compiling Main.c...
compiling Targetinit.c...
linking...
Program Size: data=63.0 xdata=0 code=1878
creating hex file from "can模块"...
"can模块" - 0 Error(s), 0 Warning(s).
Build target 'Target 1'
compiling MCP2510.c...
compiling Main.c...
compiling Targetinit.c...
linking...
Program Size: data=63.0 xdata=0 code=1878
creating hex file from "can模块"...
"can模块" - 0 Error(s), 0 Warning(s).
Build target 'Target 1'
compiling MCP2510.c...
compiling Main.c...
MAIN.C(18): error C141: syntax error near 'unsigned'
compiling Targetinit.c...
Target not created
Build target 'Target 1'
compiling MCP2510.c...
compiling Main.c...
compiling Targetinit.c...
linking...
Program Size: data=63.0 xdata=0 code=1878
creating hex file from "can模块"...
"can模块" - 0 Error(s), 0 Warning(s).
Build target 'Target 1'
compiling MCP2510.c...
compiling Main.c...
compiling Targetinit.c...
linking...
Program Size: data=55.0 xdata=0 code=1866
creating hex file from "can模块"...
"can模块" - 0 Error(s), 0 Warning(s).
Build target 'Target 1'
compiling MCP2510.c...
compiling Main.c...
compiling Targetinit.c...
linking...
Program Size: data=55.0 xdata=0 code=1870
creating hex file from "can模块"...
"can模块" - 0 Error(s), 0 Warning(s).
Build target 'Target 1'
compiling MCP2510.c...
compiling Main.c...
compiling Targetinit.c...
linking...
Program Size: data=63.0 xdata=0 code=1882
creating hex file from "can模块"...
"can模块" - 0 Error(s), 0 Warning(s).
Build target 'Target 1'
compiling MCP2510.c...
compiling Main.c...
compiling Targetinit.c...
linking...
Program Size: data=63.0 xdata=0 code=1897
creating hex file from "can模块"...
"can模块" - 0 Error(s), 0 Warning(s).
Build target 'Target 1'
compiling MCP2510.c...
compiling Main.c...
MAIN.C(176): error C141: syntax error near ';'
MAIN.C(176): error C141: syntax error near ')'
MAIN.C(182): error C141: syntax error near 'else'
compiling Targetinit.c...
Target not created
Build target 'Target 1'
compiling MCP2510.c...
compiling Main.c...
compiling Targetinit.c...
linking...
Program Size: data=63.0 xdata=0 code=1897
creating hex file from "can模块"...
"can模块" - 0 Error(s), 0 Warning(s).
Build target 'Target 1'
compiling MCP2510.c...
compiling Main.c...
compiling Targetinit.c...
linking...
Program Size: data=55.0 xdata=0 code=1892
creating hex file from "can模块"...
"can模块" - 0 Error(s), 0 Warning(s).
